Build started 13.06.2013 23:29:50.
     1>Project "C:\Users\Coker\Documents\Projects\Hog\Hog_implementation\Hog_implementation.vcxproj" on node 2 (build target(s)).
     1>InitializeBuildStatus:
         Creating "Release\Hog_implementation.unsuccessfulbuild" because "AlwaysCreate" was specified.
       ClCompile:
         c:\Program Files (x86)\Microsoft Visual Studio 10.0\VC\bin\CL.exe /c /IC:\Users\Coker\Desktop\opencv\build\include\opencv /IC:\Users\Coker\Desktop\opencv\build\include /Zi /nologo /W3 /WX- /O2 /Oi /Oy- /GL /D _MBCS /Gm- /EHsc /MD /GS /Gy /fp:precise /Zc:wchar_t /Zc:forScope /Fo"Release\\" /Fd"Release\vc100.pdb" /Gd /TP /analyze- /errorReport:prompt hog.cpp
         hog.cpp
     1>c:\users\coker\desktop\opencv\build\include\opencv2\flann\logger.h(66): warning C4996: 'fopen': This function or variable may be unsafe. Consider using fopen_s instead. To disable deprecation, use _CRT_SECURE_NO_WARNINGS. See online help for details.
                 c:\Program Files (x86)\Microsoft Visual Studio 10.0\VC\include\stdio.h(234) : see declaration of 'fopen'
     1>hog.cpp(75): warning C4805: '==' : unsafe mix of type 'int' and type 'bool' in operation
     1>hog.cpp(166): warning C4996: 'fopen': This function or variable may be unsafe. Consider using fopen_s instead. To disable deprecation, use _CRT_SECURE_NO_WARNINGS. See online help for details.
                 c:\Program Files (x86)\Microsoft Visual Studio 10.0\VC\include\stdio.h(234) : see declaration of 'fopen'
       Link:
         c:\Program Files (x86)\Microsoft Visual Studio 10.0\VC\bin\link.exe /ERRORREPORT:PROMPT /OUT:"C:\Users\Coker\Documents\Projects\Hog\Release\Hog_implementation.exe" /NOLOGO /LIBPATH:C:\Users\Coker\Desktop\opencv\build\x86\vc10\lib opencv_core243.lib opencv_imgproc243.lib opencv_highgui243.lib opencv_ml243.lib opencv_video243.lib opencv_features2d243.lib opencv_calib3d243.lib opencv_objdetect243.lib opencv_contrib243.lib opencv_legacy243.lib opencv_flann243.lib opencv_gpu243.lib opencv_nonfree243.lib opencv_photo243.lib opencv_videostab243.lib kernel32.lib user32.lib gdi32.lib winspool.lib comdlg32.lib advapi32.lib shell32.lib ole32.lib oleaut32.lib uuid.lib odbc32.lib odbccp32.lib /MANIFEST /ManifestFile:"Release\Hog_implementation.exe.intermediate.manifest" /MANIFESTUAC:"level='asInvoker' uiAccess='false'" /DEBUG /PDB:"C:\Users\Coker\Documents\Projects\Hog\Release\Hog_implementation.pdb" /OPT:REF /OPT:ICF /LTCG /TLBID:1 /DYNAMICBASE /NXCOMPAT /IMPLIB:"C:\Users\Coker\Documents\Projects\Hog\Release\Hog_implementation.lib" /MACHINE:X86 Release\hog.obj
         Generating code
         Finished generating code
         Hog_implementation.vcxproj -> C:\Users\Coker\Documents\Projects\Hog\Release\Hog_implementation.exe
       Manifest:
         c:\Program Files (x86)\Microsoft SDKs\Windows\v7.0A\bin\mt.exe /nologo /verbose /outputresource:"C:\Users\Coker\Documents\Projects\Hog\Release\Hog_implementation.exe;#1" /manifest Release\Hog_implementation.exe.intermediate.manifest
       FinalizeBuildStatus:
         Deleting file "Release\Hog_implementation.unsuccessfulbuild".
         Touching "Release\Hog_implementation.lastbuildstate".
     1>Done Building Project "C:\Users\Coker\Documents\Projects\Hog\Hog_implementation\Hog_implementation.vcxproj" (build target(s)).

Build succeeded.

Time Elapsed 00:00:01.73
